\BOOKMARK [0][-]{chapter.1}{Introduction}{}% 1
\BOOKMARK [1][-]{section.1.1}{Motivation}{chapter.1}% 2
\BOOKMARK [1][-]{section.1.2}{Research Questions}{chapter.1}% 3
\BOOKMARK [1][-]{section.1.3}{Contributions}{chapter.1}% 4
\BOOKMARK [1][-]{section.1.4}{Structure}{chapter.1}% 5
\BOOKMARK [0][-]{chapter.2}{Foundations}{}% 6
\BOOKMARK [1][-]{section.2.1}{Cloud Computing}{chapter.2}% 7
\BOOKMARK [1][-]{section.2.2}{Service Level Agreement}{chapter.2}% 8
\BOOKMARK [1][-]{section.2.3}{Scalability of Applications}{chapter.2}% 9
\BOOKMARK [1][-]{section.2.4}{Time series Analysis}{chapter.2}% 10
\BOOKMARK [2][-]{subsection.2.4.1}{Time series Data}{section.2.4}% 11
\BOOKMARK [2][-]{subsection.2.4.2}{ARIMA}{section.2.4}% 12
\BOOKMARK [1][-]{section.2.5}{Summary}{chapter.2}% 13
\BOOKMARK [0][-]{chapter.3}{Related Work}{}% 14
\BOOKMARK [1][-]{section.3.1}{Classification of elasticity mechanism}{chapter.3}% 15
\BOOKMARK [1][-]{section.3.2}{State of Art}{chapter.3}% 16
\BOOKMARK [2][-]{subsection.3.2.1}{Threshold Based Rules}{section.3.2}% 17
\BOOKMARK [2][-]{subsection.3.2.2}{Reinforcement Learning}{section.3.2}% 18
\BOOKMARK [2][-]{subsection.3.2.3}{Time-series Analysis}{section.3.2}% 19
\BOOKMARK [2][-]{subsection.3.2.4}{Combined Approach}{section.3.2}% 20
\BOOKMARK [1][-]{section.3.3}{Cloud Simulation Methods}{chapter.3}% 21
\BOOKMARK [2][-]{subsection.3.3.1}{Infrastructure Simulators}{section.3.3}% 22
\BOOKMARK [2][-]{subsection.3.3.2}{Cloud Hosted Application Perspective Simulators}{section.3.3}% 23
\BOOKMARK [1][-]{section.3.4}{Summary}{chapter.3}% 24
\BOOKMARK [0][-]{chapter.4}{Concept and System Design}{}% 25
\BOOKMARK [1][-]{section.4.1}{Assumptions and Limitations}{chapter.4}% 26
\BOOKMARK [1][-]{section.4.2}{SLA Violations}{chapter.4}% 27
\BOOKMARK [1][-]{section.4.3}{AppElastic Algorithm}{chapter.4}% 28
\BOOKMARK [2][-]{subsection.4.3.1}{AppElastic without look-ahead}{section.4.3}% 29
\BOOKMARK [2][-]{subsection.4.3.2}{AppElastic with look-ahead}{section.4.3}% 30
\BOOKMARK [1][-]{section.4.4}{Simulation design}{chapter.4}% 31
\BOOKMARK [2][-]{subsection.4.4.1}{Design overview}{section.4.4}% 32
\BOOKMARK [1][-]{section.4.5}{Summary}{chapter.4}% 33
\BOOKMARK [0][-]{chapter.5}{Implementation and Evaluation}{}% 34
\BOOKMARK [1][-]{section.5.1}{ElasticSim}{chapter.5}% 35
\BOOKMARK [1][-]{section.5.2}{Modeling workload \046 prediction}{chapter.5}% 36
\BOOKMARK [1][-]{section.5.3}{AppElastic Algorithm Implementation}{chapter.5}% 37
\BOOKMARK [1][-]{section.5.4}{Evaluation}{chapter.5}% 38
\BOOKMARK [2][-]{subsection.5.4.1}{Evaluation of AppElastic Algorithm}{section.5.4}% 39
\BOOKMARK [2][-]{subsection.5.4.2}{Forecast Accuracy}{section.5.4}% 40
\BOOKMARK [2][-]{subsection.5.4.3}{SLA violation}{section.5.4}% 41
\BOOKMARK [2][-]{subsection.5.4.4}{Cost Evaluation}{section.5.4}% 42
\BOOKMARK [1][-]{section.5.5}{Summary}{chapter.5}% 43
\BOOKMARK [0][-]{chapter.6}{Discussion and Future Works}{}% 44
\BOOKMARK [1][-]{section.6.1}{Achievements}{chapter.6}% 45
\BOOKMARK [1][-]{section.6.2}{Future Work}{chapter.6}% 46
\BOOKMARK [0][-]{chapter.7}{Conclusion}{}% 47
\BOOKMARK [0][-]{chapter.7}{List of Figures}{}% 48
\BOOKMARK [0][-]{chapter*.52}{List of Tables}{}% 49
\BOOKMARK [0][-]{chapter*.53}{Bibliography}{}% 50
