This is pdfTeX, Version 3.14159265-2.6-1.40.16 (TeX Live 2015) (preloaded format=pdflatex 2015.12.25)  8 JUN 2016 09:24
entering extended mode
 restricted \write18 enabled.
 file:line:error style messages enabled.
 %&-line parsing enabled.
**handin.tex
(./handin.tex
LaTeX2e <2015/10/01> patch level 2
Babel <3.9m> and hyphenation patterns for 79 languages loaded.
(/usr/local/texlive/2015/texmf-dist/tex/latex/base/report.cls
Document Class: report 2014/09/29 v1.4h Standard LaTeX document class
(/usr/local/texlive/2015/texmf-dist/tex/latex/base/size12.clo
File: size12.clo 2014/09/29 v1.4h Standard LaTeX file (size option)
)
\c@part=\count79
\c@chapter=\count80
\c@section=\count81
\c@subsection=\count82
\c@subsubsection=\count83
\c@paragraph=\count84
\c@subparagraph=\count85
\c@figure=\count86
\c@table=\count87
\abovecaptionskip=\skip41
\belowcaptionskip=\skip42
\bibindent=\dimen102
) (/usr/local/texlive/2015/texmf-dist/tex/latex/graphics/graphicx.sty
Package: graphicx 2014/10/28 v1.0g Enhanced LaTeX Graphics (DPC,SPQR)
 (/usr/local/texlive/2015/texmf-dist/tex/latex/graphics/keyval.sty
Package: keyval 2014/10/28 v1.15 key=value parser (DPC)
\KV@toks@=\toks14
) (/usr/local/texlive/2015/texmf-dist/tex/latex/graphics/graphics.sty
Package: graphics 2014/10/28 v1.0p Standard LaTeX Graphics (DPC,SPQR)
 (/usr/local/texlive/2015/texmf-dist/tex/latex/graphics/trig.sty
Package: trig 1999/03/16 v1.09 sin cos tan (DPC)
) (/usr/local/texlive/2015/texmf-dist/tex/latex/latexconfig/graphics.cfg
File: graphics.cfg 2010/04/23 v1.9 graphics configuration of TeX Live
)
Package graphics Info: Driver file: pdftex.def on input line 94.
 (/usr/local/texlive/2015/texmf-dist/tex/latex/pdftex-def/pdftex.def
File: pdftex.def 2011/05/27 v0.06d Graphics/color for pdfTeX
 (/usr/local/texlive/2015/texmf-dist/tex/generic/oberdiek/infwarerr.sty
Package: infwarerr 2010/04/08 v1.3 Providing info/warning/error messages (HO)
) (/usr/local/texlive/2015/texmf-dist/tex/generic/oberdiek/ltxcmds.sty
Package: ltxcmds 2011/11/09 v1.22 LaTeX kernel commands for general use (HO)
)
\Gread@gobject=\count88
))
\Gin@req@height=\dimen103
\Gin@req@width=\dimen104
) (/usr/local/texlive/2015/texmf-dist/tex/latex/hyperref/hyperref.sty
Package: hyperref 2012/11/06 v6.83m Hypertext links for LaTeX
 (/usr/local/texlive/2015/texmf-dist/tex/generic/oberdiek/hobsub-hyperref.sty
Package: hobsub-hyperref 2012/05/28 v1.13 Bundle oberdiek, subset hyperref (HO)
 (/usr/local/texlive/2015/texmf-dist/tex/generic/oberdiek/hobsub-generic.sty
Package: hobsub-generic 2012/05/28 v1.13 Bundle oberdiek, subset generic (HO)
Package: hobsub 2012/05/28 v1.13 Construct package bundles (HO)
Package hobsub Info: Skipping package `infwarerr' (already loaded).
Package hobsub Info: Skipping package `ltxcmds' (already loaded).
Package: ifluatex 2010/03/01 v1.3 Provides the ifluatex switch (HO)
Package ifluatex Info: LuaTeX not detected.
Package: ifvtex 2010/03/01 v1.5 Detect VTeX and its facilities (HO)
Package ifvtex Info: VTeX not detected.
Package: intcalc 2007/09/27 v1.1 Expandable calculations with integers (HO)
Package: ifpdf 2011/01/30 v2.3 Provides the ifpdf switch (HO)
Package ifpdf Info: pdfTeX in PDF mode is detected.
Package: etexcmds 2011/02/16 v1.5 Avoid name clashes with e-TeX commands (HO)
Package etexcmds Info: Could not find \expanded.
(etexcmds)             That can mean that you are not using pdfTeX 1.50 or
(etexcmds)             that some package has redefined \expanded.
(etexcmds)             In the latter case, load this package earlier.
Package: kvsetkeys 2012/04/25 v1.16 Key value parser (HO)
Package: kvdefinekeys 2011/04/07 v1.3 Define keys (HO)
Package: pdftexcmds 2011/11/29 v0.20 Utility functions of pdfTeX for LuaTeX (HO)
Package pdftexcmds Info: LuaTeX not detected.
Package pdftexcmds Info: \pdf@primitive is available.
Package pdftexcmds Info: \pdf@ifprimitive is available.
Package pdftexcmds Info: \pdfdraftmode found.
Package: pdfescape 2011/11/25 v1.13 Implements pdfTeX's escape features (HO)
Package: bigintcalc 2012/04/08 v1.3 Expandable calculations on big integers (HO)
Package: bitset 2011/01/30 v1.1 Handle bit-vector datatype (HO)
Package: uniquecounter 2011/01/30 v1.2 Provide unlimited unique counter (HO)
)
Package hobsub Info: Skipping package `hobsub' (already loaded).
Package: letltxmacro 2010/09/02 v1.4 Let assignment for LaTeX macros (HO)
Package: hopatch 2012/05/28 v1.2 Wrapper for package hooks (HO)
Package: xcolor-patch 2011/01/30 xcolor patch
Package: atveryend 2011/06/30 v1.8 Hooks at the very end of document (HO)
Package atveryend Info: \enddocument detected (standard20110627).
Package: atbegshi 2011/10/05 v1.16 At begin shipout hook (HO)
Package: refcount 2011/10/16 v3.4 Data extraction from label references (HO)
Package: hycolor 2011/01/30 v1.7 Color options for hyperref/bookmark (HO)
) (/usr/local/texlive/2015/texmf-dist/tex/generic/ifxetex/ifxetex.sty
Package: ifxetex 2010/09/12 v0.6 Provides ifxetex conditional
) (/usr/local/texlive/2015/texmf-dist/tex/latex/oberdiek/auxhook.sty
Package: auxhook 2011/03/04 v1.3 Hooks for auxiliary files (HO)
)
(/usr/local/texlive/2015/texmf-dist/tex/latex/oberdiek/kvoptions.sty
Package: kvoptions 2011/06/30 v3.11 Key value format for package options (HO)
)
\@linkdim=\dimen105
\Hy@linkcounter=\count89
\Hy@pagecounter=\count90
 (/usr/local/texlive/2015/texmf-dist/tex/latex/hyperref/pd1enc.def
File: pd1enc.def 2012/11/06 v6.83m Hyperref: PDFDocEncoding definition (HO)
)
\Hy@SavedSpaceFactor=\count91
 (/usr/local/texlive/2015/texmf-dist/tex/latex/latexconfig/hyperref.cfg
File: hyperref.cfg 2002/06/06 v1.2 hyperref configuration of TeXLive
)
Package hyperref Info: Hyper figures OFF on input line 4443.
Package hyperref Info: Link nesting OFF on input line 4448.
Package hyperref Info: Hyper index ON on input line 4451.
Package hyperref Info: Plain pages OFF on input line 4458.
Package hyperref Info: Backreferencing OFF on input line 4463.
Package hyperref Info: Implicit mode ON; LaTeX internals redefined.
Package hyperref Info: Bookmarks ON on input line 4688.
\c@Hy@tempcnt=\count92
 (/usr/local/texlive/2015/texmf-dist/tex/latex/url/url.sty
\Urlmuskip=\muskip10
Package: url 2013/09/16  ver 3.4  Verb mode for urls, etc.
)
LaTeX Info: Redefining \url on input line 5041.
\XeTeXLinkMargin=\dimen106
\Fld@menulength=\count93
\Field@Width=\dimen107
\Fld@charsize=\dimen108
Package hyperref Info: Hyper figures OFF on input line 6295.
Package hyperref Info: Link nesting OFF on input line 6300.
Package hyperref Info: Hyper index ON on input line 6303.
Package hyperref Info: backreferencing OFF on input line 6310.
Package hyperref Info: Link coloring OFF on input line 6315.
Package hyperref Info: Link coloring with OCG OFF on input line 6320.
Package hyperref Info: PDF/A mode OFF on input line 6325.
LaTeX Info: Redefining \ref on input line 6365.
LaTeX Info: Redefining \pageref on input line 6369.
\Hy@abspage=\count94
\c@Item=\count95
\c@Hfootnote=\count96
)

Package hyperref Message: Driver (autodetected): hpdftex.

(/usr/local/texlive/2015/texmf-dist/tex/latex/hyperref/hpdftex.def
File: hpdftex.def 2012/11/06 v6.83m Hyperref driver for pdfTeX
\Fld@listcount=\count97
\c@bookmark@seq@number=\count98
 (/usr/local/texlive/2015/texmf-dist/tex/latex/oberdiek/rerunfilecheck.sty
Package: rerunfilecheck 2011/04/15 v1.7 Rerun checks for auxiliary files (HO)
Package uniquecounter Info: New unique counter `rerunfilecheck' on input line 282.
)
\Hy@SectionHShift=\skip43
) (/usr/local/texlive/2015/texmf-dist/tex/latex/fancyhdr/fancyhdr.sty
\fancy@headwidth=\skip44
\f@ncyO@elh=\skip45
\f@ncyO@erh=\skip46
\f@ncyO@olh=\skip47
\f@ncyO@orh=\skip48
\f@ncyO@elf=\skip49
\f@ncyO@erf=\skip50
\f@ncyO@olf=\skip51
\f@ncyO@orf=\skip52
) (/usr/local/texlive/2015/texmf-dist/tex/latex/caption/caption.sty
Package: caption 2015/09/17 v3.3-111 Customizing captions (AR)
 (/usr/local/texlive/2015/texmf-dist/tex/latex/caption/caption3.sty
Package: caption3 2015/09/20 v1.7-115 caption3 kernel (AR)
Package caption3 Info: TeX engine: e-TeX on input line 57.
\captionmargin=\dimen109
\captionmargin@=\dimen110
\captionwidth=\dimen111
\caption@tempdima=\dimen112
\caption@indent=\dimen113
\caption@parindent=\dimen114
\caption@hangindent=\dimen115
)
\c@ContinuedFloat=\count99
Package caption Info: hyperref package is loaded.
) (/usr/local/texlive/2015/texmf-dist/tex/latex/caption/subcaption.sty
Package: subcaption 2015/09/15 v1.1-100 Sub-captions (AR)
\c@subfigure=\count100
\c@subtable=\count101
) (/usr/local/texlive/2015/texmf-dist/tex/latex/amsfonts/amssymb.sty
Package: amssymb 2013/01/14 v3.01 AMS font symbols
 (/usr/local/texlive/2015/texmf-dist/tex/latex/amsfonts/amsfonts.sty
Package: amsfonts 2013/01/14 v3.01 Basic AMSFonts support
\@emptytoks=\toks15
\symAMSa=\mathgroup4
\symAMSb=\mathgroup5
LaTeX Font Info:    Overwriting math alphabet `\mathfrak' in version `bold'
(Font)                  U/euf/m/n --> U/euf/b/n on input line 106.
)) (/usr/local/texlive/2015/texmf-dist/tex/latex/amsmath/amsmath.sty
Package: amsmath 2013/01/14 v2.14 AMS math features
\@mathmargin=\skip53

For additional information on amsmath, use the `?' option.
(/usr/local/texlive/2015/texmf-dist/tex/latex/amsmath/amstext.sty
Package: amstext 2000/06/29 v2.01
 (/usr/local/texlive/2015/texmf-dist/tex/latex/amsmath/amsgen.sty
File: amsgen.sty 1999/11/30 v2.0
\@emptytoks=\toks16
\ex@=\dimen116
)) (/usr/local/texlive/2015/texmf-dist/tex/latex/amsmath/amsbsy.sty
Package: amsbsy 1999/11/29 v1.2d
\pmbraise@=\dimen117
) (/usr/local/texlive/2015/texmf-dist/tex/latex/amsmath/amsopn.sty
Package: amsopn 1999/12/14 v2.01 operator names
)
\inf@bad=\count102
LaTeX Info: Redefining \frac on input line 210.
\uproot@=\count103
\leftroot@=\count104
LaTeX Info: Redefining \overline on input line 306.
\classnum@=\count105
\DOTSCASE@=\count106
LaTeX Info: Redefining \ldots on input line 378.
LaTeX Info: Redefining \dots on input line 381.
LaTeX Info: Redefining \cdots on input line 466.
\Mathstrutbox@=\box26
\strutbox@=\box27
\big@size=\dimen118
LaTeX Font Info:    Redeclaring font encoding OML on input line 566.
LaTeX Font Info:    Redeclaring font encoding OMS on input line 567.
\macc@depth=\count107
\c@MaxMatrixCols=\count108
\dotsspace@=\muskip11
\c@parentequation=\count109
\dspbrk@lvl=\count110
\tag@help=\toks17
\row@=\count111
\column@=\count112
\maxfields@=\count113
\andhelp@=\toks18
\eqnshift@=\dimen119
\alignsep@=\dimen120
\tagshift@=\dimen121
\tagwidth@=\dimen122
\totwidth@=\dimen123
\lineht@=\dimen124
\@envbody=\toks19
\multlinegap=\skip54
\multlinetaggap=\skip55
\mathdisplay@stack=\toks20
LaTeX Info: Redefining \[ on input line 2665.
LaTeX Info: Redefining \] on input line 2666.
) (/usr/local/texlive/2015/texmf-dist/tex/latex/algorithm2e/algorithm2e.sty
Package: algorithm2e 2013/01/06 v5.00 algorithms environments
\c@AlgoLine=\count114
 (/usr/local/texlive/2015/texmf-dist/tex/latex/base/ifthen.sty
Package: ifthen 2014/09/29 v1.1c Standard LaTeX ifthen package (DPC)
)
\algocf@hangindent=\skip56
 (/usr/local/texlive/2015/texmf-dist/tex/latex/tools/xspace.sty
Package: xspace 2014/10/28 v1.13 Space after command names (DPC,MH)
) (/usr/local/texlive/2015/texmf-dist/tex/latex/relsize/relsize.sty
Package: relsize 2013/03/29 ver 4.1
)
********************************************************
Package `algorithm2e' Release 5.1 -- october 19 2015 --
- algorithm2e-announce@lirmm.fr mailing list for announcement about releases
- algorithm2e-discussion@lirmm.fr mailing list for discussion about package
subscribe by emailing sympa@lirmm.fr with 'subscribe <list> <firstname name>'
- Author: Christophe Fiorio (christophe.fiorio@umontpellier.fr)
********************************************************
\skiptotal=\skip57
\skiplinenumber=\skip58
\skiprule=\skip59
\skiphlne=\skip60
\skiptext=\skip61
\skiplength=\skip62
\algomargin=\skip63
\skipalgocfslide=\skip64
\algowidth=\dimen125
\inoutsize=\dimen126
\inoutindent=\dimen127
\interspacetitleruled=\dimen128
\interspacealgoruled=\dimen129
\interspacetitleboxruled=\dimen130
\algocf@ruledwidth=\skip65
\algocf@inoutbox=\box28
\algocf@inputbox=\box29
\AlCapSkip=\skip66
\AlCapHSkip=\skip67
\algoskipindent=\skip68
\algocf@nlbox=\box30
\algocf@hangingbox=\box31
\algocf@untilbox=\box32
\algocf@skipuntil=\skip69
\algocf@capbox=\box33
\algoheightruledefault=\skip70
\algoheightrule=\skip71
\algotitleheightruledefault=\skip72
\algotitleheightrule=\skip73
\c@algocfline=\count115
\c@algocfproc=\count116
\c@algocf=\count117
\algocf@algoframe=\box34
\algocf@algobox=\box35
) (/usr/local/texlive/2015/texmf-dist/tex/latex/listings/listings.sty
\lst@mode=\count118
\lst@gtempboxa=\box36
\lst@token=\toks21
\lst@length=\count119
\lst@currlwidth=\dimen131
\lst@column=\count120
\lst@pos=\count121
\lst@lostspace=\dimen132
\lst@width=\dimen133
\lst@newlines=\count122
\lst@lineno=\count123
\lst@maxwidth=\dimen134
 (/usr/local/texlive/2015/texmf-dist/tex/latex/listings/lstmisc.sty
File: lstmisc.sty 2015/06/04 1.6 (Carsten Heinz)
\c@lstnumber=\count124
\lst@skipnumbers=\count125
\lst@framebox=\box37
) (/usr/local/texlive/2015/texmf-dist/tex/latex/listings/listings.cfg
File: listings.cfg 2015/06/04 1.6 listings configuration
))
Package: listings 2015/06/04 1.6 (Carsten Heinz)
 (/usr/local/texlive/2015/texmf-dist/tex/latex/dashrule/dashrule.sty
Package: dashrule 2013/03/28 v1.3 Dashed rules
 (/usr/local/texlive/2015/texmf-dist/tex/latex/ifmtarg/ifmtarg.sty
Package: ifmtarg 2009/09/02 v1.2a check for an empty argument
)
\c@hdr@segments=\count126
) (/usr/local/texlive/2015/texmf-dist/tex/latex/pgf/frontendlayer/tikz.sty (/usr/local/texlive/2015/texmf-dist/tex/latex/pgf/basiclayer/pgf.sty (/usr/local/texlive/2015/texmf-dist/tex/latex/pgf/utilities/pgfrcs.sty (/usr/local/texlive/2015/texmf-dist/tex/generic/pgf/utilities/pgfutil-common.tex
\pgfutil@everybye=\toks22
\pgfutil@tempdima=\dimen135
\pgfutil@tempdimb=\dimen136
 (/usr/local/texlive/2015/texmf-dist/tex/generic/pgf/utilities/pgfutil-common-lists.tex)) (/usr/local/texlive/2015/texmf-dist/tex/generic/pgf/utilities/pgfutil-latex.def
\pgfutil@abb=\box38
 (/usr/local/texlive/2015/texmf-dist/tex/latex/ms/everyshi.sty
Package: everyshi 2001/05/15 v3.00 EveryShipout Package (MS)
)) (/usr/local/texlive/2015/texmf-dist/tex/generic/pgf/utilities/pgfrcs.code.tex
Package: pgfrcs 2015/08/07 v3.0.1a (rcs-revision 1.31)
))
Package: pgf 2015/08/07 v3.0.1a (rcs-revision 1.15)

(/usr/local/texlive/2015/texmf-dist/tex/latex/pgf/basiclayer/pgfcore.sty (/usr/local/texlive/2015/texmf-dist/tex/latex/pgf/systemlayer/pgfsys.sty (/usr/local/texlive/2015/texmf-dist/tex/generic/pgf/systemlayer/pgfsys.code.tex
Package: pgfsys 2014/07/09 v3.0.1a (rcs-revision 1.48)
 (/usr/local/texlive/2015/texmf-dist/tex/generic/pgf/utilities/pgfkeys.code.tex
\pgfkeys@pathtoks=\toks23
\pgfkeys@temptoks=\toks24
 (/usr/local/texlive/2015/texmf-dist/tex/generic/pgf/utilities/pgfkeysfiltered.code.tex
\pgfkeys@tmptoks=\toks25
))
\pgf@x=\dimen137
\pgf@y=\dimen138
\pgf@xa=\dimen139
\pgf@ya=\dimen140
\pgf@xb=\dimen141
\pgf@yb=\dimen142
\pgf@xc=\dimen143
\pgf@yc=\dimen144
\w@pgf@writea=\write3
\r@pgf@reada=\read1
\c@pgf@counta=\count127
\c@pgf@countb=\count128
\c@pgf@countc=\count129
\c@pgf@countd=\count130
\t@pgf@toka=\toks26
\t@pgf@tokb=\toks27
\t@pgf@tokc=\toks28
 (/usr/local/texlive/2015/texmf-dist/tex/generic/pgf/systemlayer/pgf.cfg
File: pgf.cfg 2008/05/14  (rcs-revision 1.7)
)
Driver file for pgf: pgfsys-pdftex.def
 (/usr/local/texlive/2015/texmf-dist/tex/generic/pgf/systemlayer/pgfsys-pdftex.def
File: pgfsys-pdftex.def 2014/10/11  (rcs-revision 1.35)
 (/usr/local/texlive/2015/texmf-dist/tex/generic/pgf/systemlayer/pgfsys-common-pdf.def
File: pgfsys-common-pdf.def 2013/10/10  (rcs-revision 1.13)
))) (/usr/local/texlive/2015/texmf-dist/tex/generic/pgf/systemlayer/pgfsyssoftpath.code.tex
File: pgfsyssoftpath.code.tex 2013/09/09  (rcs-revision 1.9)
\pgfsyssoftpath@smallbuffer@items=\count131
\pgfsyssoftpath@bigbuffer@items=\count132
) (/usr/local/texlive/2015/texmf-dist/tex/generic/pgf/systemlayer/pgfsysprotocol.code.tex
File: pgfsysprotocol.code.tex 2006/10/16  (rcs-revision 1.4)
)) (/usr/local/texlive/2015/texmf-dist/tex/latex/xcolor/xcolor.sty
Package: xcolor 2007/01/21 v2.11 LaTeX color extensions (UK)
 (/usr/local/texlive/2015/texmf-dist/tex/latex/latexconfig/color.cfg
File: color.cfg 2007/01/18 v1.5 color configuration of teTeX/TeXLive
)
Package xcolor Info: Driver file: pdftex.def on input line 225.
Package xcolor Info: Model `cmy' substituted by `cmy0' on input line 1337.
Package xcolor Info: Model `hsb' substituted by `rgb' on input line 1341.
Package xcolor Info: Model `RGB' extended on input line 1353.
Package xcolor Info: Model `HTML' substituted by `rgb' on input line 1355.
Package xcolor Info: Model `Hsb' substituted by `hsb' on input line 1356.
Package xcolor Info: Model `tHsb' substituted by `hsb' on input line 1357.
Package xcolor Info: Model `HSB' substituted by `hsb' on input line 1358.
Package xcolor Info: Model `Gray' substituted by `gray' on input line 1359.
Package xcolor Info: Model `wave' substituted by `hsb' on input line 1360.
)
(/usr/local/texlive/2015/texmf-dist/tex/generic/pgf/basiclayer/pgfcore.code.tex
Package: pgfcore 2010/04/11 v3.0.1a (rcs-revision 1.7)
 (/usr/local/texlive/2015/texmf-dist/tex/generic/pgf/math/pgfmath.code.tex (/usr/local/texlive/2015/texmf-dist/tex/generic/pgf/math/pgfmathcalc.code.tex (/usr/local/texlive/2015/texmf-dist/tex/generic/pgf/math/pgfmathutil.code.tex) (/usr/local/texlive/2015/texmf-dist/tex/generic/pgf/math/pgfmathparser.code.tex
\pgfmath@dimen=\dimen145
\pgfmath@count=\count133
\pgfmath@box=\box39
\pgfmath@toks=\toks29
\pgfmath@stack@operand=\toks30
\pgfmath@stack@operation=\toks31
) (/usr/local/texlive/2015/texmf-dist/tex/generic/pgf/math/pgfmathfunctions.code.tex (/usr/local/texlive/2015/texmf-dist/tex/generic/pgf/math/pgfmathfunctions.basic.code.tex) (/usr/local/texlive/2015/texmf-dist/tex/generic/pgf/math/pgfmathfunctions.trigonometric.code.tex) (/usr/local/texlive/2015/texmf-dist/tex/generic/pgf/math/pgfmathfunctions.random.code.tex) (/usr/local/texlive/2015/texmf-dist/tex/generic/pgf/math/pgfmathfunctions.comparison.code.tex) (/usr/local/texlive/2015/texmf-dist/tex/generic/pgf/math/pgfmathfunctions.base.code.tex)
(/usr/local/texlive/2015/texmf-dist/tex/generic/pgf/math/pgfmathfunctions.round.code.tex) (/usr/local/texlive/2015/texmf-dist/tex/generic/pgf/math/pgfmathfunctions.misc.code.tex) (/usr/local/texlive/2015/texmf-dist/tex/generic/pgf/math/pgfmathfunctions.integerarithmetics.code.tex))) (/usr/local/texlive/2015/texmf-dist/tex/generic/pgf/math/pgfmathfloat.code.tex
\c@pgfmathroundto@lastzeros=\count134
)) (/usr/local/texlive/2015/texmf-dist/tex/generic/pgf/basiclayer/pgfcorepoints.code.tex
File: pgfcorepoints.code.tex 2013/10/07  (rcs-revision 1.27)
\pgf@picminx=\dimen146
\pgf@picmaxx=\dimen147
\pgf@picminy=\dimen148
\pgf@picmaxy=\dimen149
\pgf@pathminx=\dimen150
\pgf@pathmaxx=\dimen151
\pgf@pathminy=\dimen152
\pgf@pathmaxy=\dimen153
\pgf@xx=\dimen154
\pgf@xy=\dimen155
\pgf@yx=\dimen156
\pgf@yy=\dimen157
\pgf@zx=\dimen158
\pgf@zy=\dimen159
) (/usr/local/texlive/2015/texmf-dist/tex/generic/pgf/basiclayer/pgfcorepathconstruct.code.tex
File: pgfcorepathconstruct.code.tex 2013/10/07  (rcs-revision 1.29)
\pgf@path@lastx=\dimen160
\pgf@path@lasty=\dimen161
) (/usr/local/texlive/2015/texmf-dist/tex/generic/pgf/basiclayer/pgfcorepathusage.code.tex
File: pgfcorepathusage.code.tex 2014/11/02  (rcs-revision 1.24)
\pgf@shorten@end@additional=\dimen162
\pgf@shorten@start@additional=\dimen163
) (/usr/local/texlive/2015/texmf-dist/tex/generic/pgf/basiclayer/pgfcorescopes.code.tex
File: pgfcorescopes.code.tex 2015/05/08  (rcs-revision 1.46)
\pgfpic=\box40
\pgf@hbox=\box41
\pgf@layerbox@main=\box42
\pgf@picture@serial@count=\count135
) (/usr/local/texlive/2015/texmf-dist/tex/generic/pgf/basiclayer/pgfcoregraphicstate.code.tex
File: pgfcoregraphicstate.code.tex 2014/11/02  (rcs-revision 1.12)
\pgflinewidth=\dimen164
) (/usr/local/texlive/2015/texmf-dist/tex/generic/pgf/basiclayer/pgfcoretransformations.code.tex
File: pgfcoretransformations.code.tex 2015/08/07  (rcs-revision 1.20)
\pgf@pt@x=\dimen165
\pgf@pt@y=\dimen166
\pgf@pt@temp=\dimen167
) (/usr/local/texlive/2015/texmf-dist/tex/generic/pgf/basiclayer/pgfcorequick.code.tex
File: pgfcorequick.code.tex 2008/10/09  (rcs-revision 1.3)
)
(/usr/local/texlive/2015/texmf-dist/tex/generic/pgf/basiclayer/pgfcoreobjects.code.tex
File: pgfcoreobjects.code.tex 2006/10/11  (rcs-revision 1.2)
) (/usr/local/texlive/2015/texmf-dist/tex/generic/pgf/basiclayer/pgfcorepathprocessing.code.tex
File: pgfcorepathprocessing.code.tex 2013/09/09  (rcs-revision 1.9)
) (/usr/local/texlive/2015/texmf-dist/tex/generic/pgf/basiclayer/pgfcorearrows.code.tex
File: pgfcorearrows.code.tex 2015/05/14  (rcs-revision 1.43)
\pgfarrowsep=\dimen168
) (/usr/local/texlive/2015/texmf-dist/tex/generic/pgf/basiclayer/pgfcoreshade.code.tex
File: pgfcoreshade.code.tex 2013/07/15  (rcs-revision 1.15)
\pgf@max=\dimen169
\pgf@sys@shading@range@num=\count136
) (/usr/local/texlive/2015/texmf-dist/tex/generic/pgf/basiclayer/pgfcoreimage.code.tex
File: pgfcoreimage.code.tex 2013/07/15  (rcs-revision 1.18)
 (/usr/local/texlive/2015/texmf-dist/tex/generic/pgf/basiclayer/pgfcoreexternal.code.tex
File: pgfcoreexternal.code.tex 2014/07/09  (rcs-revision 1.21)
\pgfexternal@startupbox=\box43
)) (/usr/local/texlive/2015/texmf-dist/tex/generic/pgf/basiclayer/pgfcorelayers.code.tex
File: pgfcorelayers.code.tex 2013/07/18  (rcs-revision 1.7)
) (/usr/local/texlive/2015/texmf-dist/tex/generic/pgf/basiclayer/pgfcoretransparency.code.tex
File: pgfcoretransparency.code.tex 2013/09/30  (rcs-revision 1.5)
) (/usr/local/texlive/2015/texmf-dist/tex/generic/pgf/basiclayer/pgfcorepatterns.code.tex
File: pgfcorepatterns.code.tex 2013/11/07  (rcs-revision 1.5)
))) (/usr/local/texlive/2015/texmf-dist/tex/generic/pgf/modules/pgfmoduleshapes.code.tex
File: pgfmoduleshapes.code.tex 2014/03/21  (rcs-revision 1.35)
\pgfnodeparttextbox=\box44
) (/usr/local/texlive/2015/texmf-dist/tex/generic/pgf/modules/pgfmoduleplot.code.tex
File: pgfmoduleplot.code.tex 2015/08/03  (rcs-revision 1.13)
)
(/usr/local/texlive/2015/texmf-dist/tex/latex/pgf/compatibility/pgfcomp-version-0-65.sty
Package: pgfcomp-version-0-65 2007/07/03 v3.0.1a (rcs-revision 1.7)
\pgf@nodesepstart=\dimen170
\pgf@nodesepend=\dimen171
) (/usr/local/texlive/2015/texmf-dist/tex/latex/pgf/compatibility/pgfcomp-version-1-18.sty
Package: pgfcomp-version-1-18 2007/07/23 v3.0.1a (rcs-revision 1.1)
)) (/usr/local/texlive/2015/texmf-dist/tex/latex/pgf/utilities/pgffor.sty (/usr/local/texlive/2015/texmf-dist/tex/latex/pgf/utilities/pgfkeys.sty (/usr/local/texlive/2015/texmf-dist/tex/generic/pgf/utilities/pgfkeys.code.tex)) (/usr/local/texlive/2015/texmf-dist/tex/latex/pgf/math/pgfmath.sty (/usr/local/texlive/2015/texmf-dist/tex/generic/pgf/math/pgfmath.code.tex)) (/usr/local/texlive/2015/texmf-dist/tex/generic/pgf/utilities/pgffor.code.tex
Package: pgffor 2013/12/13 v3.0.1a (rcs-revision 1.25)
 (/usr/local/texlive/2015/texmf-dist/tex/generic/pgf/math/pgfmath.code.tex)
\pgffor@iter=\dimen172
\pgffor@skip=\dimen173
\pgffor@stack=\toks32
\pgffor@toks=\toks33
)) (/usr/local/texlive/2015/texmf-dist/tex/generic/pgf/frontendlayer/tikz/tikz.code.tex
Package: tikz 2015/08/07 v3.0.1a (rcs-revision 1.151)
 (/usr/local/texlive/2015/texmf-dist/tex/generic/pgf/libraries/pgflibraryplothandlers.code.tex
File: pgflibraryplothandlers.code.tex 2013/08/31 v3.0.1a (rcs-revision 1.20)
\pgf@plot@mark@count=\count137
\pgfplotmarksize=\dimen174
)
\tikz@lastx=\dimen175
\tikz@lasty=\dimen176
\tikz@lastxsaved=\dimen177
\tikz@lastysaved=\dimen178
\tikzleveldistance=\dimen179
\tikzsiblingdistance=\dimen180
\tikz@figbox=\box45
\tikz@figbox@bg=\box46
\tikz@tempbox=\box47
\tikz@tempbox@bg=\box48
\tikztreelevel=\count138
\tikznumberofchildren=\count139
\tikznumberofcurrentchild=\count140
\tikz@fig@count=\count141
 (/usr/local/texlive/2015/texmf-dist/tex/generic/pgf/modules/pgfmodulematrix.code.tex
File: pgfmodulematrix.code.tex 2013/09/17  (rcs-revision 1.8)
\pgfmatrixcurrentrow=\count142
\pgfmatrixcurrentcolumn=\count143
\pgf@matrix@numberofcolumns=\count144
)
\tikz@expandcount=\count145

(/usr/local/texlive/2015/texmf-dist/tex/generic/pgf/frontendlayer/tikz/libraries/tikzlibrarytopaths.code.tex
File: tikzlibrarytopaths.code.tex 2008/06/17 v3.0.1a (rcs-revision 1.2)
))) (/usr/local/texlive/2015/texmf-dist/tex/latex/forest/forest.sty
Package: forest 2015/07/15 v1.0.10 Drawing (linguistic) trees
 (/usr/local/texlive/2015/texmf-dist/tex/generic/pgf/frontendlayer/tikz/libraries/tikzlibraryshapes.code.tex
File: tikzlibraryshapes.code.tex 2008/01/09 v3.0.1a (rcs-revision 1.1)
 (/usr/local/texlive/2015/texmf-dist/tex/generic/pgf/frontendlayer/tikz/libraries/tikzlibraryshapes.geometric.code.tex
File: tikzlibraryshapes.geometric.code.tex 2008/01/09 v3.0.1a (rcs-revision 1.1)
 (/usr/local/texlive/2015/texmf-dist/tex/generic/pgf/libraries/shapes/pgflibraryshapes.geometric.code.tex
File: pgflibraryshapes.geometric.code.tex 2008/06/26 v3.0.1a (rcs-revision 1.1)
)) (/usr/local/texlive/2015/texmf-dist/tex/generic/pgf/frontendlayer/tikz/libraries/tikzlibraryshapes.misc.code.tex
File: tikzlibraryshapes.misc.code.tex 2008/01/09 v3.0.1a (rcs-revision 1.1)
 (/usr/local/texlive/2015/texmf-dist/tex/generic/pgf/libraries/shapes/pgflibraryshapes.misc.code.tex
File: pgflibraryshapes.misc.code.tex 2013/07/18 v3.0.1a (rcs-revision 1.5)
)) (/usr/local/texlive/2015/texmf-dist/tex/generic/pgf/frontendlayer/tikz/libraries/tikzlibraryshapes.symbols.code.tex
File: tikzlibraryshapes.symbols.code.tex 2008/01/09 v3.0.1a (rcs-revision 1.1)
 (/usr/local/texlive/2015/texmf-dist/tex/generic/pgf/libraries/shapes/pgflibraryshapes.symbols.code.tex
File: pgflibraryshapes.symbols.code.tex 2013/09/11 v3.0.1a (rcs-revision 1.6)
))
(/usr/local/texlive/2015/texmf-dist/tex/generic/pgf/frontendlayer/tikz/libraries/tikzlibraryshapes.arrows.code.tex
File: tikzlibraryshapes.arrows.code.tex 2008/01/09 v3.0.1a (rcs-revision 1.1)
 (/usr/local/texlive/2015/texmf-dist/tex/generic/pgf/libraries/shapes/pgflibraryshapes.arrows.code.tex
File: pgflibraryshapes.arrows.code.tex 2008/06/26 v3.0.1a (rcs-revision 1.1)
)) (/usr/local/texlive/2015/texmf-dist/tex/generic/pgf/frontendlayer/tikz/libraries/tikzlibraryshapes.callouts.code.tex (/usr/local/texlive/2015/texmf-dist/tex/generic/pgf/libraries/shapes/pgflibraryshapes.callouts.code.tex)) (/usr/local/texlive/2015/texmf-dist/tex/generic/pgf/frontendlayer/tikz/libraries/tikzlibraryshapes.multipart.code.tex
File: tikzlibraryshapes.multipart.code.tex 2008/01/09 v3.0.1a (rcs-revision 1.1)
 (/usr/local/texlive/2015/texmf-dist/tex/generic/pgf/libraries/shapes/pgflibraryshapes.multipart.code.tex
File: pgflibraryshapes.multipart.code.tex 2010/01/07 v3.0.1a (rcs-revision 1.2)
\pgfnodepartlowerbox=\box49
\pgfnodeparttwobox=\box50
\pgfnodepartthreebox=\box51
\pgfnodepartfourbox=\box52
\pgfnodeparttwentybox=\box53
\pgfnodepartnineteenbox=\box54
\pgfnodeparteighteenbox=\box55
\pgfnodepartseventeenbox=\box56
\pgfnodepartsixteenbox=\box57
\pgfnodepartfifteenbox=\box58
\pgfnodepartfourteenbox=\box59
\pgfnodepartthirteenbox=\box60
\pgfnodeparttwelvebox=\box61
\pgfnodepartelevenbox=\box62
\pgfnodeparttenbox=\box63
\pgfnodepartninebox=\box64
\pgfnodeparteightbox=\box65
\pgfnodepartsevenbox=\box66
\pgfnodepartsixbox=\box67
\pgfnodepartfivebox=\box68
))) (/usr/local/texlive/2015/texmf-dist/tex/generic/pgf/frontendlayer/tikz/libraries/tikzlibraryfit.code.tex
File: tikzlibraryfit.code.tex 2013/07/12 v3.0.1a (rcs-revision 1.5)
) (/usr/local/texlive/2015/texmf-dist/tex/generic/pgf/frontendlayer/tikz/libraries/tikzlibrarycalc.code.tex
File: tikzlibrarycalc.code.tex 2013/07/15 v3.0.1a (rcs-revision 1.9)
) (/usr/local/texlive/2015/texmf-dist/tex/generic/pgf/libraries/pgflibraryintersections.code.tex
(/usr/local/texlive/2015/texmf-dist/tex/generic/pgf/libraries/pgflibraryfpu.code.tex)
\pgf@intersect@solutions=\count146
) (/usr/local/texlive/2015/texmf-dist/tex/latex/pgfopts/pgfopts.sty
Package: pgfopts 2014/07/10 v2.1a LaTeX package options with pgfkeys
\pgfopts@list@add@a@toks=\toks34
\pgfopts@list@add@b@toks=\toks35
) (/usr/local/texlive/2015/texmf-dist/tex/latex/etoolbox/etoolbox.sty
Package: etoolbox 2015/08/02 v2.2a e-TeX tools for LaTeX (JAW)
\etb@tempcnta=\count147
) (/usr/local/texlive/2015/texmf-dist/tex/latex/elocalloc/elocalloc.sty
Package: elocalloc 2015/06/21 v0.02 local allocation for LaTeX 2015+ (DPC)
) (/usr/local/texlive/2015/texmf-dist/tex/latex/environ/environ.sty
Package: environ 2014/05/04 v0.3 A new way to define environments
 (/usr/local/texlive/2015/texmf-dist/tex/latex/trimspaces/trimspaces.sty
Package: trimspaces 2009/09/17 v1.1 Trim spaces around a token list
))
\forest@temp@dimen=\dimen181
\forest@temp@count=\count148
\forest@n=\count149
\forest@temp@global@count=\count150
\forest@sort@m=\count151
\forest@sort@k=\count152
\forest@sort@p=\count153
\bracket@content=\toks36
\bracket@afterthought=\toks37
\forest@node@maxid=\count154
\forest@temp@toks=\toks38
\forest@repeat@key@depth=\count155
\forest@do@dynamics=\toks39
\forest@box=\box69
\forest@xg=\dimen182
\forest@yg=\dimen183
\forest@xs=\dimen184
\forest@ys=\dimen185
\forest@externalize@max@outer@n=\count156
\forest@externalize@inner@n=\count157
) (/usr/local/texlive/2015/texmf-dist/tex/latex/hyperref/nameref.sty
Package: nameref 2012/10/27 v2.43 Cross-referencing by name of section
 (/usr/local/texlive/2015/texmf-dist/tex/generic/oberdiek/gettitlestring.sty
Package: gettitlestring 2010/12/03 v1.4 Cleanup title references (HO)
)
\c@section@level=\count158
) (/usr/local/texlive/2015/texmf-dist/tex/latex/amscls/amsthm.sty
Package: amsthm 2015/03/04 v2.20.2
\thm@style=\toks40
\thm@bodyfont=\toks41
\thm@headfont=\toks42
\thm@notefont=\toks43
\thm@headpunct=\toks44
\thm@preskip=\skip74
\thm@postskip=\skip75
\thm@headsep=\skip76
\dth@everypar=\toks45
)
\c@definition=\count159
 (/usr/local/texlive/2015/texmf-dist/tex/latex/tools/array.sty
Package: array 2014/10/28 v2.4c Tabular extension package (FMi)
\col@sep=\dimen186
\extrarowheight=\dimen187
\NC@list=\toks46
\extratabsurround=\skip77
\backup@length=\skip78
)

Package Fancyhdr Warning: \fancyhead's `E' option without twoside option is useless on input line 31.


Package Fancyhdr Warning: \fancyhead's `E' option without twoside option is useless on input line 32.

(./handin.aux

LaTeX Warning: Label `sec:Summary' multiply defined.


LaTeX Warning: Label `figure:sampleworkload' multiply defined.


LaTeX Warning: Label `sec:Summary' multiply defined.


LaTeX Warning: Label `sec:Summary' multiply defined.

)
\openout1 = `handin.aux'.

LaTeX Font Info:    Checking defaults for OML/cmm/m/it on input line 34.
LaTeX Font Info:    ... okay on input line 34.
LaTeX Font Info:    Checking defaults for T1/cmr/m/n on input line 34.
LaTeX Font Info:    ... okay on input line 34.
LaTeX Font Info:    Checking defaults for OT1/cmr/m/n on input line 34.
LaTeX Font Info:    ... okay on input line 34.
LaTeX Font Info:    Checking defaults for OMS/cmsy/m/n on input line 34.
LaTeX Font Info:    ... okay on input line 34.
LaTeX Font Info:    Checking defaults for OMX/cmex/m/n on input line 34.
LaTeX Font Info:    ... okay on input line 34.
LaTeX Font Info:    Checking defaults for U/cmr/m/n on input line 34.
LaTeX Font Info:    ... okay on input line 34.
LaTeX Font Info:    Checking defaults for PD1/pdf/m/n on input line 34.
LaTeX Font Info:    ... okay on input line 34.
 (/usr/local/texlive/2015/texmf-dist/tex/context/base/supp-pdf.mkii
[Loading MPS to PDF converter (version 2006.09.02).]
\scratchcounter=\count160
\scratchdimen=\dimen188
\scratchbox=\box70
\nofMPsegments=\count161
\nofMParguments=\count162
\everyMPshowfont=\toks47
\MPscratchCnt=\count163
\MPscratchDim=\dimen189
\MPnumerator=\count164
\makeMPintoPDFobject=\count165
\everyMPtoPDFconversion=\toks48
) (/usr/local/texlive/2015/texmf-dist/tex/latex/oberdiek/epstopdf-base.sty
Package: epstopdf-base 2010/02/09 v2.5 Base part for package epstopdf
 (/usr/local/texlive/2015/texmf-dist/tex/latex/oberdiek/grfext.sty
Package: grfext 2010/08/19 v1.1 Manage graphics extensions (HO)
)
Package grfext Info: Graphics extension search list:
(grfext)             [.png,.pdf,.jpg,.mps,.jpeg,.jbig2,.jb2,.PNG,.PDF,.JPG,.JPEG,.JBIG2,.JB2,.eps]
(grfext)             \AppendGraphicsExtensions on input line 452.
 (/usr/local/texlive/2015/texmf-dist/tex/latex/latexconfig/epstopdf-sys.cfg
File: epstopdf-sys.cfg 2010/07/13 v1.3 Configuration of (r)epstopdf for TeX Live
))
\AtBeginShipoutBox=\box71
Package hyperref Info: Link coloring OFF on input line 34.
LaTeX Info: Redefining \ref on input line 34.
LaTeX Info: Redefining \pageref on input line 34.
LaTeX Info: Redefining \nameref on input line 34.
 (./handin.out) (./handin.out)
\@outlinefile=\write4
\openout4 = `handin.out'.

Package caption Info: Begin \AtBeginDocument code.
Package caption Info: listings package is loaded.
Package caption Info: End \AtBeginDocument code.
\c@lstlisting=\count166
 ABD: EveryShipout initializing macros <images/tulogo.png, id=207, 256.91985pt x 75.4017pt>
File: images/tulogo.png Graphic file (type png)
 <use images/tulogo.png>
Package pdftex.def Info: images/tulogo.png used on input line 37.
(pdftex.def)             Requested size: 195.0pt x 57.2311pt.

Overfull \hbox (1.6pt too wide) in paragraph at lines 40--40
 [] 
 []


Overfull \hbox (3.80002pt too wide) in paragraph at lines 42--42
 [] 
 []

[1

{/usr/local/texlive/2015/texmf-var/fonts/map/pdftex/updmap/pdftex.map} <./images/tulogo.png>]pdfTeX warning (ext4): destination with the same identifier (name{page.1}) has been already used, duplicate ignored
<to be read again> 
                   \relax 
l.62 \chapter
             *{Abstract} [1

] (./Chapters/abstract.tex)
Underfull \hbox (badness 10000) in paragraph at lines 2--66

 []


Underfull \hbox (badness 10000) in paragraph at lines 2--66

 []

[2

] [3] [4

] (./Chapters/declaration.tex)
Underfull \hbox (badness 10000) in paragraph at lines 1--73

 []


Underfull \hbox (badness 10000) in paragraph at lines 1--73

 []


Underfull \hbox (badness 10000) in paragraph at lines 1--73

 []


Underfull \hbox (badness 10000) in paragraph at lines 1--73

 []


Underfull \hbox (badness 10000) in paragraph at lines 1--73

 []


Underfull \hbox (badness 10000) in paragraph at lines 1--73

 []


Underfull \hbox (badness 10000) in paragraph at lines 1--73

 []


Underfull \hbox (badness 10000) in paragraph at lines 1--73

 []


Underfull \hbox (badness 10000) in paragraph at lines 1--73

 []


Underfull \hbox (badness 10000) in paragraph at lines 1--73

 []

[5

] [6

] (./handin.toc
LaTeX Font Info:    Try loading font information for U+msa on input line 2.
 (/usr/local/texlive/2015/texmf-dist/tex/latex/amsfonts/umsa.fd
File: umsa.fd 2013/01/14 v3.01 AMS symbols A
)
LaTeX Font Info:    Try loading font information for U+msb on input line 2.
 (/usr/local/texlive/2015/texmf-dist/tex/latex/amsfonts/umsb.fd
File: umsb.fd 2013/01/14 v3.01 AMS symbols B
) [7

])
\tf@toc=\write5
\openout5 = `handin.toc'.



Package Fancyhdr Warning: \fancyhead's `E' option without twoside option is useless on input line 79.


Package Fancyhdr Warning: \fancyhead's `E' option without twoside option is useless on input line 80.


Package Fancyhdr Warning: \fancyfoot's `E' option without twoside option is useless on input line 81.

[0]
Chapter 1.
(./Chapters/chapter01.tex

Package Fancyhdr Warning: \headheight is too small (12.0pt): 
 Make it at least 14.49998pt.
 We now make it that large for the rest of the document.
 This may cause the page layout to be inconsistent, however.

pdfTeX warning (ext4): destination with the same identifier (name{page.1}) has been already used, duplicate ignored
<to be read again> 
                   \relax 
l.10 \begin{itemize}
                     [1

]
LaTeX Font Info:    Try loading font information for OMS+cmr on input line 11.
 (/usr/local/texlive/2015/texmf-dist/tex/latex/base/omscmr.fd
File: omscmr.fd 2014/09/29 v2.5h Standard LaTeX font definitions
)
LaTeX Font Info:    Font shape `OMS/cmr/m/n' in size <12> not available
(Font)              Font shape `OMS/cmsy/m/n' tried instead on input line 11.
pdfTeX warning (ext4): destination with the same identifier (name{page.2}) has been already used, duplicate ignored
<to be read again> 
                   \relax 
l.14   \item \textbf
                    {QoS \& Rapid Workload Changes} The workload of a cloud ... [2] <images/vmstarttimes.png, id=351, 350.30875pt x 214.8025pt>
File: images/vmstarttimes.png Graphic file (type png)
 <use images/vmstarttimes.png>
Package pdftex.def Info: images/vmstarttimes.png used on input line 19.
(pdftex.def)             Requested size: 280.24738pt x 171.84222pt.
pdfTeX warning (ext4): destination with the same identifier (name{page.3}) has been already used, duplicate ignored
<to be read again> 
                   \relax 
l.44 \begin{flushleft}
                       [3 <./images/vmstarttimes.png>]
Overfull \hbox (26.23297pt too wide) in paragraph at lines 46--54
[][] 
 []

<images/workloadforsim.png, id=362, 4015.0pt x 2509.375pt>
File: images/workloadforsim.png Graphic file (type png)
 <use images/workloadforsim.png>
Package pdftex.def Info: images/workloadforsim.png used on input line 61.
(pdftex.def)             Requested size: 401.52353pt x 250.9522pt.

Overfull \hbox (11.52353pt too wide) in paragraph at lines 61--62
 [] 
 []


LaTeX Warning: `h' float specifier changed to `ht'.

pdfTeX warning (ext4): destination with the same identifier (name{page.4}) has been already used, duplicate ignored
<to be read again> 
                   \relax 
l.86   \item W
              hat are the forecasting techniques which can be used to proact... [4]pdfTeX warning (ext4): destination with the same identifier (name{page.5}) has been already used, duplicate ignored
<to be read again> 
                   \relax 
l.94 
      [5])pdfTeX warning (ext4): destination with the same identifier (name{page.6}) has been already used, duplicate ignored
<to be read again> 
                   \relax 
l.86 \section
             {Structure} [6 <./images/workloadforsim.png>]pdfTeX warning (ext4): destination with the same identifier (name{page.7}) has been already used, duplicate ignored
<to be read again> 
                   \relax 
l.98 \chapter
             {Foundations} [7]
Chapter 2.
(./Chapters/chapter02.tex [8

] [9] [10] <images/scalingarch.png, id=428, 575.14874pt x 480.79625pt>
File: images/scalingarch.png Graphic file (type png)
 <use images/scalingarch.png>
Package pdftex.def Info: images/scalingarch.png used on input line 41.
(pdftex.def)             Requested size: 287.57367pt x 240.39752pt.


LaTeX Warning: `h' float specifier changed to `ht'.


Overfull \hbox (18.83047pt too wide) in paragraph at lines 52--53
\OT1/cmr/m/n/12 Time se-ries data is se-quences of mea-sure-ments that fol-low non-random orders[[]].
 []

[11] [12 <./images/scalingarch.png>] [13] [14]) [15] [16]
Chapter 3.
(./Chapters/chapter03.tex [17

] [18] <images/reinforced.png, id=566, 435.6275pt x 175.65625pt>
File: images/reinforced.png Graphic file (type png)
 <use images/reinforced.png>
Package pdftex.def Info: images/reinforced.png used on input line 63.
(pdftex.def)             Requested size: 392.06113pt x 158.08914pt.

Overfull \hbox (2.06113pt too wide) in paragraph at lines 63--64
 [] 
 []

[19] [20 <./images/reinforced.png>] [21]
Overfull \hbox (2.64111pt too wide) in paragraph at lines 89--89
\OT1/cmr/m/n/12 ARIMA[[]]|  
 []


Overfull \hbox (26.23297pt too wide) in paragraph at lines 83--91
[][] 
 []

[22] [23] [24]
Overfull \hbox (74.39131pt too wide) in paragraph at lines 128--135
[][] 
 []

) [25] [26]
Chapter 4.
(./Chapters/chapter4.tex [27

] [28] [29]
Overfull \hbox (0.79999pt too wide) detected at line 56
|[]|
 []

[30] [31]
Overfull \hbox (0.79999pt too wide) detected at line 128
|[]|
 []

[32] [33] [34] <images/CompleteWorkload.png, id=799, 3513.125pt x 2509.375pt>
File: images/CompleteWorkload.png Graphic file (type png)
 <use images/CompleteWorkload.png>
Package pdftex.def Info: images/CompleteWorkload.png used on input line 158.
(pdftex.def)             Requested size: 272.99881pt x 194.97232pt.
 <images/CompleteWithForecast.png, id=800, 3513.125pt x 2509.375pt>
File: images/CompleteWithForecast.png Graphic file (type png)
 <use images/CompleteWithForecast.png>
Package pdftex.def Info: images/CompleteWithForecast.png used on input line 163.
(pdftex.def)             Requested size: 272.99881pt x 194.97232pt.
 <images/slaviolationfront.png, id=801, 3011.25pt x 3011.25pt>
File: images/slaviolationfront.png Graphic file (type png)
 <use images/slaviolationfront.png>
Package pdftex.def Info: images/slaviolationfront.png used on input line 173.
(pdftex.def)             Requested size: 234.00238pt x 233.96678pt.
 <images/slaviolationlast.png, id=802, 3011.25pt x 3011.25pt>
File: images/slaviolationlast.png Graphic file (type png)
 <use images/slaviolationlast.png>
Package pdftex.def Info: images/slaviolationlast.png used on input line 178.
(pdftex.def)             Requested size: 234.00238pt x 233.96678pt.
 [35] [36 <./images/CompleteWorkload.png> <./images/CompleteWithForecast.png>] [37 <./images/slaviolationfront.png> <./images/slaviolationlast.png>]
Overfull \hbox (0.79999pt too wide) detected at line 247
|[]|
 []


Overfull \hbox (0.79999pt too wide) detected at line 282
|[]|
 []

<images/ElasticSim.png, id=827, 703.62875pt x 565.11125pt>
File: images/ElasticSim.png Graphic file (type png)
 <use images/ElasticSim.png>
Package pdftex.def Info: images/ElasticSim.png used on input line 286.
(pdftex.def)             Requested size: 422.18051pt x 339.06937pt.

Overfull \hbox (32.18051pt too wide) in paragraph at lines 286--287
 [] 
 []


LaTeX Warning: `h' float specifier changed to `ht'.

[38]) [39 <./images/ElasticSim.png>] [40] [41]
Chapter 5.
(./Chapters/chapter5.tex [42

] <images/simwelcome.png, id=898, 656.4525pt x 127.47626pt>
File: images/simwelcome.png Graphic file (type png)
 <use images/simwelcome.png>
Package pdftex.def Info: images/simwelcome.png used on input line 24.
(pdftex.def)             Requested size: 393.87454pt x 76.48633pt.

Overfull \hbox (3.87454pt too wide) in paragraph at lines 24--25
 [] 
 []

[43 <./images/simwelcome.png>]
Overfull \hbox (63.62512pt too wide) in paragraph at lines 35--36
\OT1/cmr/m/n/12 is con-fig-ured through the vari-able VM[]START[]TIME and VM[]SHUTDOWN[]TIME
 []


Overfull \hbox (38.96005pt too wide) in paragraph at lines 36--37
\OT1/cmr/m/n/12 ily con-fig-ured by as-sign-ing val-ues to NUM-BER[]OF[]USERS[]PER[]INSTANCES
 []


Overfull \hbox (12.71721pt too wide) in paragraph at lines 36--37
\OT1/cmr/m/n/12 LOOKA-HEAD[]SCALEUP and LOOKA-HEAD[]SCALEDOWN vari-ables. 
 []


Overfull \hbox (26.14519pt too wide) in paragraph at lines 37--38
\OT1/cmr/m/n/12 cloud ser-vice provider is con-fig-ured through the vari-able BILLING[]PERIOD. 
 []


Overfull \hbox (6.06429pt too wide) in paragraph at lines 38--39
\OT1/cmr/m/n/12 are con-fig-ured through vari-ables FORE-CAST[]SCALEUP[]WORKLOAD
 []

<images/simconfig.png, id=913, 489.83pt x 274.02374pt>
File: images/simconfig.png Graphic file (type png)
 <use images/simconfig.png>
Package pdftex.def Info: images/simconfig.png used on input line 44.
(pdftex.def)             Requested size: 342.87866pt x 191.8153pt.


LaTeX Warning: `h' float specifier changed to `ht'.

[44] <images/billinglog.png, id=923, 697.60625pt x 70.2625pt>
File: images/billinglog.png Graphic file (type png)
 <use images/billinglog.png>
Package pdftex.def Info: images/billinglog.png used on input line 60.
(pdftex.def)             Requested size: 390.0pt x 39.28024pt.
 <images/simlog.png, id=924, 491.8375pt x 107.40125pt>
File: images/simlog.png Graphic file (type png)
 <use images/simlog.png>
Package pdftex.def Info: images/simlog.png used on input line 65.
(pdftex.def)             Requested size: 350.99762pt x 76.64871pt.
 (/usr/local/texlive/2015/texmf-dist/tex/latex/listings/lstlang1.sty
File: lstlang1.sty 2015/06/04 1.6 listings language file
) (/usr/local/texlive/2015/texmf-dist/tex/latex/listings/lstlang2.sty
File: lstlang2.sty 2015/06/04 1.6 listings language file
) (/usr/local/texlive/2015/texmf-dist/tex/latex/listings/lstlang3.sty
File: lstlang3.sty 2015/06/04 1.6 listings language file
) [45 <./images/simconfig.png>] [46 <./images/billinglog.png> <./images/simlog.png>]
Package hyperref Info: bookmark level for unknown lstlisting defaults to 0 on input line 75.
LaTeX Font Info:    Try loading font information for OML+cmr on input line 78.
 (/usr/local/texlive/2015/texmf-dist/tex/latex/base/omlcmr.fd
File: omlcmr.fd 2014/09/29 v2.5h Standard LaTeX font definitions
)
LaTeX Font Info:    Font shape `OML/cmr/bx/n' in size <10.95> not available
(Font)              Font shape `OML/cmm/b/it' tried instead on input line 78.
LaTeX Font Info:    Font shape `OMS/cmr/m/n' in size <10.95> not available
(Font)              Font shape `OMS/cmsy/m/n' tried instead on input line 86.
 [47] <images/scaling.png, id=974, 504.88625pt x 238.8925pt>
File: images/scaling.png Graphic file (type png)
 <use images/scaling.png>
Package pdftex.def Info: images/scaling.png used on input line 110.
(pdftex.def)             Requested size: 353.41795pt x 167.2236pt.


LaTeX Warning: `h' float specifier changed to `ht'.

<images/objdiag.png, id=976, 514.92375pt x 118.4425pt>
File: images/objdiag.png Graphic file (type png)
 <use images/objdiag.png>
Package pdftex.def Info: images/objdiag.png used on input line 118.
(pdftex.def)             Requested size: 360.44417pt x 82.90916pt.
 [48] [49 <./images/scaling.png> <./images/objdiag.png>] [50] [51] (/usr/local/texlive/2015/texmf-dist/tex/latex/listings/lstlang1.sty
File: lstlang1.sty 2015/06/04 1.6 listings language file
)
LaTeX Font Info:    Font shape `OML/cmr/m/n' in size <10.95> not available
(Font)              Font shape `OML/cmm/m/it' tried instead on input line 146.
 [52] [53]
Overfull \hbox (41.3718pt too wide) in paragraph at lines 218--219
[][] 
 []

File: images/workloadforsim.png Graphic file (type png)
<use images/workloadforsim.png>
Package pdftex.def Info: images/workloadforsim.png used on input line 225.
(pdftex.def)             Requested size: 401.52353pt x 250.9522pt.

Overfull \hbox (11.52353pt too wide) in paragraph at lines 225--226
 [] 
 []


LaTeX Warning: `h' float specifier changed to `ht'.

<images/highlevelvmscaling.png, id=1069, 4015.0pt x 2509.375pt>
File: images/highlevelvmscaling.png Graphic file (type png)
 <use images/highlevelvmscaling.png>
Package pdftex.def Info: images/highlevelvmscaling.png used on input line 232.
(pdftex.def)             Requested size: 401.52353pt x 250.9522pt.

Overfull \hbox (11.52353pt too wide) in paragraph at lines 232--233
 [] 
 []


LaTeX Warning: `h' float specifier changed to `ht'.

[54] [55] <images/autoscalingdiagscaleup.png, id=1088, 3513.125pt x 2509.375pt>
File: images/autoscalingdiagscaleup.png Graphic file (type png)
 <use images/autoscalingdiagscaleup.png>
Package pdftex.def Info: images/autoscalingdiagscaleup.png used on input line 253.
(pdftex.def)             Requested size: 390.0pt x 278.55923pt.
 <images/autoscalingdiagscaledown.png, id=1089, 3513.125pt x 2509.375pt>
File: images/autoscalingdiagscaledown.png Graphic file (type png)
 <use images/autoscalingdiagscaledown.png>
Package pdftex.def Info: images/autoscalingdiagscaledown.png used on input line 258.
(pdftex.def)             Requested size: 350.99762pt x 250.68417pt.


LaTeX Warning: Float too large for page by 45.44337pt on input line 264.

[56 <./images/highlevelvmscaling.png>] <images/autoscalingdiag1.png, id=1098, 2509.375pt x 2509.375pt>
File: images/autoscalingdiag1.png Graphic file (type png)
 <use images/autoscalingdiag1.png>
Package pdftex.def Info: images/autoscalingdiag1.png used on input line 269.
(pdftex.def)             Requested size: 155.99762pt x 155.99316pt.
 <images/autoscalingdiag2.png, id=1099, 2509.375pt x 2509.375pt>
File: images/autoscalingdiag2.png Graphic file (type png)
 <use images/autoscalingdiag2.png>
Package pdftex.def Info: images/autoscalingdiag2.png used on input line 275.
(pdftex.def)             Requested size: 155.99762pt x 155.99316pt.
 <images/autoscalingdiag3.png, id=1100, 2509.375pt x 2509.375pt>
File: images/autoscalingdiag3.png Graphic file (type png)
 <use images/autoscalingdiag3.png>
Package pdftex.def Info: images/autoscalingdiag3.png used on input line 281.
(pdftex.def)             Requested size: 155.99762pt x 155.99316pt.
 <images/autoscalingdiag4.png, id=1101, 2509.375pt x 2509.375pt>
File: images/autoscalingdiag4.png Graphic file (type png)
 <use images/autoscalingdiag4.png>
Package pdftex.def Info: images/autoscalingdiag4.png used on input line 287.
(pdftex.def)             Requested size: 155.99762pt x 155.99316pt.
 <images/ScaleUpForecast.png, id=1107, 3513.125pt x 2509.375pt>
File: images/ScaleUpForecast.png Graphic file (type png)
 <use images/ScaleUpForecast.png>
Package pdftex.def Info: images/ScaleUpForecast.png used on input line 301.
(pdftex.def)             Requested size: 350.99762pt x 250.68417pt.
 <images/ScaleDownForecast.png, id=1108, 3513.125pt x 2509.375pt>
File: images/ScaleDownForecast.png Graphic file (type png)
 <use images/ScaleDownForecast.png>
Package pdftex.def Info: images/ScaleDownForecast.png used on input line 306.
(pdftex.def)             Requested size: 350.99762pt x 250.68417pt.


LaTeX Warning: Float too large for page by 17.56831pt on input line 312.

<images/ScaleUpAcc.png, id=1109, 2509.375pt x 2509.375pt>
File: images/ScaleUpAcc.png Graphic file (type png)
 <use images/ScaleUpAcc.png>
Package pdftex.def Info: images/ScaleUpAcc.png used on input line 316.
(pdftex.def)             Requested size: 175.49881pt x 175.48274pt.
 <images/ScaleDownAcc.png, id=1110, 2509.375pt x 2509.375pt>
File: images/ScaleDownAcc.png Graphic file (type png)
 <use images/ScaleDownAcc.png>
Package pdftex.def Info: images/ScaleDownAcc.png used on input line 322.
(pdftex.def)             Requested size: 175.49881pt x 175.48274pt.
 [57] [58 <./images/autoscalingdiagscaleup.png> <./images/autoscalingdiagscaledown.png>] [59 <./images/autoscalingdiag1.png> <./images/autoscalingdiag2.png> <./images/autoscalingdiag3.png> <./images/autoscalingdiag4.png>] [60 <./images/ScaleUpForecast.png> <./images/ScaleDownForecast.png>]
Overfull \hbox (7.19594pt too wide) detected at line 340
[] \OT1/cmr/m/n/12 = []
 []

<images/slaviolation1.png, id=1152, 2509.375pt x 2509.375pt>
File: images/slaviolation1.png Graphic file (type png)
 <use images/slaviolation1.png>
Package pdftex.def Info: images/slaviolation1.png used on input line 348.
(pdftex.def)             Requested size: 175.49881pt x 175.48274pt.
 <images/slaviolation2.png, id=1153, 2509.375pt x 2509.375pt>
File: images/slaviolation2.png Graphic file (type png)
 <use images/slaviolation2.png>
Package pdftex.def Info: images/slaviolation2.png used on input line 354.
(pdftex.def)             Requested size: 175.49881pt x 175.48274pt.
 <images/boxplotslaviolation.png, id=1154, 2509.375pt x 2509.375pt>
File: images/boxplotslaviolation.png Graphic file (type png)
 <use images/boxplotslaviolation.png>
Package pdftex.def Info: images/boxplotslaviolation.png used on input line 364.
(pdftex.def)             Requested size: 250.9522pt x 250.9522pt.


LaTeX Warning: `h' float specifier changed to `ht'.

<images/purchaseoption.png, id=1159, 6022.5pt x 5018.75pt>
File: images/purchaseoption.png Graphic file (type png)
 <use images/purchaseoption.png>
Package pdftex.def Info: images/purchaseoption.png used on input line 374.
(pdftex.def)             Requested size: 421.61809pt x 351.3484pt.

Overfull \hbox (31.61809pt too wide) in paragraph at lines 374--375
 [] 
 []

[61 <./images/ScaleUpAcc.png> <./images/ScaleDownAcc.png>]

LaTeX Warning: `h' float specifier changed to `ht'.

) [62 <./images/slaviolation1.png> <./images/slaviolation2.png>] [63 <./images/boxplotslaviolation.png>] [64 <./images/purchaseoption.png>]
Chapter 6.
(./Chapters/chapter6.tex [65

] [66] [67]) [68]
Chapter 7.
[69

] (./handin.lof)
\tf@lof=\write6
\openout6 = `handin.lof'.

 [70


] (./handin.lot)
\tf@lot=\write7
\openout7 = `handin.lot'.

 [71


] (./handin.bbl
Underfull \hbox (badness 1221) in paragraph at lines 9--12
[]\OT1/cmr/m/n/12 AzureWatch.  []$\OT1/cmtt/m/n/12 http : / / www . paraleap . com / azurewatch$[]\OT1/cmr/m/n/12 .  Ac-cessed:
 []


Underfull \hbox (badness 10000) in paragraph at lines 14--18
[]\OT1/cmr/m/n/12 Cloud Sim-u-la-tors for Re-search and De-vel-op-
 []


Underfull \hbox (badness 10000) in paragraph at lines 14--18
\OT1/cmr/m/n/12 ment.  []$\OT1/cmtt/m/n/12 http : / / alexpucher . com / blog / 2015 / 07 / 20 /
 []


Underfull \hbox (badness 2012) in paragraph at lines 14--18
\OT1/cmtt/m/n/12 cloud-[]simulators-[]for-[]reasearch-[]and-[]development/$[]\OT1/cmr/m/n/12 .  Ac-cessed:
 []


Underfull \hbox (badness 1178) in paragraph at lines 30--33
[]\OT1/cmr/m/n/12 Reinforcement Learn-ing: An In-tro-duc-tion.  []$\OT1/cmtt/m/n/12 http : / / webdocs . cs .
 []

[72


] [73] [74]
Missing character: There is no  in font cmti12!
Missing character: There is no  in font cmti12!
Missing character: There is no  in font cmti12!
Missing character: There is no  in font cmr12!
Missing character: There is no  in font cmr12!
Missing character: There is no  in font cmr12!
Missing character: There is no  in font cmr12!
Missing character: There is no  in font cmr12!
Missing character: There is no  in font cmr12!

Underfull \hbox (badness 3039) in paragraph at lines 243--247
[]\OT1/cmr/m/n/12 VMware.  Vmware esxi.  []$\OT1/cmtt/m/n/12 https : / / www . vmware . com / products /
 []

[75]) [76]
Package atveryend Info: Empty hook `BeforeClearDocument' on input line 133.
Package atveryend Info: Empty hook `AfterLastShipout' on input line 133.
 (./handin.aux)
Package atveryend Info: Executing hook `AtVeryEndDocument' on input line 133.
Package atveryend Info: Executing hook `AtEndAfterFileList' on input line 133.
Package rerunfilecheck Info: File `handin.out' has not changed.
(rerunfilecheck)             Checksum: 8D2B85EBE3391AEA5877E6692F17BCEF;3255.


LaTeX Warning: There were multiply-defined labels.

Package atveryend Info: Empty hook `AtVeryVeryEnd' on input line 133.
 )
(\end occurred inside a group at level 1)

### simple group (level 1) entered at line 1061 ({)
### bottom level 
Here is how much of TeX's memory you used:
 30008 strings out of 493054
 636279 string characters out of 6134759
 795691 words of memory out of 5000000
 32644 multiletter control sequences out of 15000+600000
 16263 words of font info for 62 fonts, out of 8000000 for 9000
 1141 hyphenation exceptions out of 8191
 99i,15n,119p,3022b,18676s stack positions out of 5000i,500n,10000p,200000b,80000s
</usr/local/texlive/2015/texmf-dist/fonts/type1/public/amsfonts/cm/cmbx10.pfb></usr/local/texlive/2015/texmf-dist/fonts/type1/public/amsfonts/cm/cmbx12.pfb></usr/local/texlive/2015/texmf-dist/fonts/type1/public/amsfonts/cm/cmbx8.pfb></usr/local/texlive/2015/texmf-dist/fonts/type1/public/amsfonts/cm/cmcsc10.pfb></usr/local/texlive/2015/texmf-dist/fonts/type1/public/amsfonts/cm/cmex10.pfb></usr/local/texlive/2015/texmf-dist/fonts/type1/public/amsfonts/cm/cmmi10.pfb></usr/local/texlive/2015/texmf-dist/fonts/type1/public/amsfonts/cm/cmmi12.pfb></usr/local/texlive/2015/texmf-dist/fonts/type1/public/amsfonts/cm/cmmi7.pfb></usr/local/texlive/2015/texmf-dist/fonts/type1/public/amsfonts/cm/cmmi8.pfb></usr/local/texlive/2015/texmf-dist/fonts/type1/public/amsfonts/cm/cmmib10.pfb></usr/local/texlive/2015/texmf-dist/fonts/type1/public/amsfonts/cm/cmr10.pfb></usr/local/texlive/2015/texmf-dist/fonts/type1/public/amsfonts/cm/cmr12.pfb></usr/local/texlive/2015/texmf-dist/fonts/type1/pub
lic/amsfonts/cm/cmr7.pfb></usr/local/texlive/2015/texmf-dist/fonts/type1/public/amsfonts/cm/cmr8.pfb></usr/local/texlive/2015/texmf-dist/fonts/type1/public/amsfonts/cm/cmsy10.pfb></usr/local/texlive/2015/texmf-dist/fonts/type1/public/amsfonts/cm/cmsy8.pfb></usr/local/texlive/2015/texmf-dist/fonts/type1/public/amsfonts/cm/cmti10.pfb></usr/local/texlive/2015/texmf-dist/fonts/type1/public/amsfonts/cm/cmti12.pfb></usr/local/texlive/2015/texmf-dist/fonts/type1/public/amsfonts/cm/cmtt10.pfb></usr/local/texlive/2015/texmf-dist/fonts/type1/public/amsfonts/cm/cmtt12.pfb></usr/local/texlive/2015/texmf-dist/fonts/type1/public/amsfonts/symbols/msbm10.pfb>
Output written on handin.pdf (85 pages, 5246545 bytes).
PDF statistics:
 1473 PDF objects out of 1728 (max. 8388607)
 1284 compressed objects within 13 object streams
 408 named destinations out of 1000 (max. 500000)
 568 words of extra memory for PDF output out of 10000 (max. 10000000)

